#
# A fatal error has been detected by the Java Runtime Environment:
#
#  SIGSEGV (0xb) at pc=0x000000011e4e612f, pid=15296, tid=5891
#
# JRE version: Java(TM) SE Runtime Environment (8.0_45-b14) (build 1.8.0_45-b14)
# Java VM: Java HotSpot(TM) 64-Bit Server VM (25.45-b02 mixed mode bsd-amd64 compressed oops)
# Problematic frame:
# C  [librxtxSerial.jnilib+0x312f]  Java_gnu_io_RXTXPort_interruptEventLoop+0x6b
#
# Failed to write core dump. Core dumps have been disabled. To enable core dumping, try "ulimit -c unlimited" before starting Java again
#
# If you would like to submit a bug report, please visit:
#   http://bugreport.java.com/bugreport/crash.jsp
# The crash happened outside the Java Virtual Machine in native code.
# See problematic frame for where to report the bug.
#

---------------  T H R E A D  ---------------

Current thread (0x00007fa703808000):  JavaThread "main" [_thread_in_native, id=5891, stack(0x000070000011a000,0x000070000021a000)]

siginfo: si_signo: 11 (SIGSEGV), si_code: 1 (SEGV_MAPERR), si_addr: 0x00007000010c6868

Registers:
RAX=0x0000000000000000, RBX=0x00007000010c6700, RCX=0x000070000021a050, RDX=0xffffffffffffffff
RSP=0x00007000002196b0, RBP=0x00007000002196c0, RSI=0x0000000000000000, RDI=0x000000000000003c
R8 =0x0000000000000000, R9 =0x0000000002faf080, R10=0x0000000000000001, R11=0x0000000000000247
R12=0x0000000000000008, R13=0x000000011b4c0300, R14=0x0000700000219740, R15=0x00007fa703808000
RIP=0x000000011e4e612f, EFLAGS=0x0000000000010206, ERR=0x0000000000000004
  TRAPNO=0x000000000000000e

Top of Stack: (sp=0x00007000002196b0)
0x00007000002196b0:   000000011b4c0300 0000000000000000
0x00007000002196c0:   0000700000219720 00000001097b3954
0x00007000002196d0:   00000001097bf563 00000001097b36a2
0x00007000002196e0:   00007000002196e0 000000011b4c0300
0x00007000002196f0:   0000700000219740 000000011b4cb828
0x0000700000219700:   0000000000000000 000000011b4c0300
0x0000700000219710:   0000000000000000 0000700000219740
0x0000700000219720:   0000700000219788 00000001097a5c4d
0x0000700000219730:   0000000000000000 00000001097ad578
0x0000700000219740:   00000007aaceb4e8 0000700000219748
0x0000700000219750:   000000011b4c07a7 00007000002197a0
0x0000700000219760:   000000011b4cb828 0000000000000000
0x0000700000219770:   000000011b4c0810 0000700000219740
0x0000700000219780:   00007000002197a0 00007000002197e8
0x0000700000219790:   00000001097a5c4d 0000000000000000
0x00007000002197a0:   00000007aaceb4e8 00007000002197a8
0x00007000002197b0:   000000011b4b5d2c 0000700000219800
0x00007000002197c0:   000000011b4b6028 0000000000000000
0x00007000002197d0:   000000011b4b5d68 00007000002197a0
0x00007000002197e0:   0000700000219800 0000700000219848
0x00007000002197f0:   00000001097a5c4d 0000000000000000
0x0000700000219800:   00000007aac7e848 0000700000219808
0x0000700000219810:   000000011b4b5b71 0000700000219860
0x0000700000219820:   000000011b4b6028 0000000000000000
0x0000700000219830:   000000011b4b5b98 0000700000219800
0x0000700000219840:   0000700000219858 00007000002198a8
0x0000700000219850:   00000001097a5c4d 0000000000000000
0x0000700000219860:   00000007aac7e848 0000700000219868
0x0000700000219870:   000000011b4d4c0b 00007000002198d0
0x0000700000219880:   000000011b4d4cc0 0000000000000000
0x0000700000219890:   000000011b4d4c50 0000700000219858
0x00007000002198a0:   00007000002198b8 0000700000219920 

Instructions: (pc=0x000000011e4e612f)
0x000000011e4e610f:   00 01 00 00 00 48 8b bb 78 01 00 00 be 06 00 00
0x000000011e4e611f:   00 e8 4d 27 00 00 bf 50 c3 00 00 e8 c7 27 00 00
0x000000011e4e612f:   83 bb 68 01 00 00 01 74 16 48 8b bb 78 01 00 00
0x000000011e4e613f:   e8 16 27 00 00 c7 83 68 01 00 00 01 00 00 00 5b 

Register to memory mapping:

RAX=0x0000000000000000 is an unknown value
RBX=0x00007000010c6700 is an unknown value
RCX=0x000070000021a050 is an unknown value
RDX=0xffffffffffffffff is an unknown value
RSP=0x00007000002196b0 is pointing into the stack for thread: 0x00007fa703808000
RBP=0x00007000002196c0 is pointing into the stack for thread: 0x00007fa703808000
RSI=0x0000000000000000 is an unknown value
RDI=0x000000000000003c is an unknown value
R8 =0x0000000000000000 is an unknown value
R9 =0x0000000002faf080 is an unknown value
R10=0x0000000000000001 is an unknown value
R11=0x0000000000000247 is an unknown value
R12=0x0000000000000008 is an unknown value
R13={method} {0x000000011b4c0300} 'interruptEventLoop' '()V' in 'gnu/io/RXTXPort'
R14=0x0000700000219740 is pointing into the stack for thread: 0x00007fa703808000
R15=0x00007fa703808000 is a thread


Stack: [0x000070000011a000,0x000070000021a000],  sp=0x00007000002196b0,  free space=1021k
Native frames: (J=compiled Java code, j=interpreted, Vv=VM code, C=native code)
C  [librxtxSerial.jnilib+0x312f]  Java_gnu_io_RXTXPort_interruptEventLoop+0x6b
j  gnu.io.RXTXPort.interruptEventLoop()V+0
j  gnu.io.RXTXPort.removeEventListener()V+55
j  SonarPingModel.breakConnection()V+4
j  SonarPingModel.toggle(I)V+17
j  SonarPingController.<init>(LSonarPingModel;LSonarPingView;LSonarPingEmailModel;)V+59
j  EntryPointFile.main([Ljava/lang/String;)V+33
v  ~StubRoutines::call_stub
V  [libjvm.dylib+0x2e032a]
V  [libjvm.dylib+0x316a36]
V  [libjvm.dylib+0x30f7b0]
C  [java+0x39ae]  JavaMain+0x9b1
C  [libsystem_pthread.dylib+0x399d]  _pthread_body+0x83
C  [libsystem_pthread.dylib+0x391a]  _pthread_body+0x0
C  [libsystem_pthread.dylib+0x1351]  thread_start+0xd
C  0x0000000000000000

Java frames: (J=compiled Java code, j=interpreted, Vv=VM code)
j  gnu.io.RXTXPort.interruptEventLoop()V+0
j  gnu.io.RXTXPort.removeEventListener()V+55
j  SonarPingModel.breakConnection()V+4
j  SonarPingModel.toggle(I)V+17
j  SonarPingController.<init>(LSonarPingModel;LSonarPingView;LSonarPingEmailModel;)V+59
j  EntryPointFile.main([Ljava/lang/String;)V+33
v  ~StubRoutines::call_stub

---------------  P R O C E S S  ---------------

Java Threads: ( => current thread )
  0x00007fa7044b2800 JavaThread "AWT-EventQueue-0" [_thread_in_native, id=63751, stack(0x00007000016e5000,0x00007000017e5000)]
  0x00007fa70444d800 JavaThread "AWT-Shutdown" [_thread_blocked, id=58391, stack(0x00007000012d6000,0x00007000013d6000)]
  0x00007fa703aca800 JavaThread "Java2D Disposer" daemon [_thread_blocked, id=57611, stack(0x000070000155f000,0x000070000165f000)]
  0x00007fa703ac3000 JavaThread "Java2D Queue Flusher" daemon [_thread_blocked, id=50963, stack(0x000070000145c000,0x000070000155c000)]
  0x00007fa705027000 JavaThread "AppKit Thread" daemon [_thread_in_native, id=2571, stack(0x00007fff576c2000,0x00007fff57ec2000)]
  0x00007fa703838800 JavaThread "Service Thread" daemon [_thread_blocked, id=18435, stack(0x0000700000dc1000,0x0000700000ec1000)]
  0x00007fa703829000 JavaThread "C1 CompilerThread2" daemon [_thread_blocked, id=17923, stack(0x0000700000cbe000,0x0000700000dbe000)]
  0x00007fa70405d000 JavaThread "C2 CompilerThread1" daemon [_thread_blocked, id=17411, stack(0x0000700000bbb000,0x0000700000cbb000)]
  0x00007fa70405b800 JavaThread "C2 CompilerThread0" daemon [_thread_blocked, id=16899, stack(0x0000700000ab8000,0x0000700000bb8000)]
  0x00007fa70403c800 JavaThread "Signal Dispatcher" daemon [_thread_blocked, id=13839, stack(0x00007000009b5000,0x0000700000ab5000)]
  0x00007fa703824000 JavaThread "Finalizer" daemon [_thread_blocked, id=12291, stack(0x000070000082f000,0x000070000092f000)]
  0x00007fa70401e000 JavaThread "Reference Handler" daemon [_thread_blocked, id=11779, stack(0x000070000072c000,0x000070000082c000)]
=>0x00007fa703808000 JavaThread "main" [_thread_in_native, id=5891, stack(0x000070000011a000,0x000070000021a000)]

Other Threads:
  0x00007fa703823000 VMThread [stack: 0x0000700000629000,0x0000700000729000] [id=11267]
  0x00007fa70383f000 WatcherThread [stack: 0x0000700000ec4000,0x0000700000fc4000] [id=18947]

VM state:not at safepoint (normal execution)

VM Mutex/Monitor currently owned by a thread: None

Heap:
 PSYoungGen      total 18944K, used 8861K [0x00000007aab00000, 0x00000007ac000000, 0x00000007c0000000)
  eden space 16384K, 54% used [0x00000007aab00000,0x00000007ab3a7488,0x00000007abb00000)
  from space 2560K, 0% used [0x00000007abd80000,0x00000007abd80000,0x00000007ac000000)
  to   space 2560K, 0% used [0x00000007abb00000,0x00000007abb00000,0x00000007abd80000)
 ParOldGen       total 44032K, used 0K [0x0000000780000000, 0x0000000782b00000, 0x00000007aab00000)
  object space 44032K, 0% used [0x0000000780000000,0x0000000780000000,0x0000000782b00000)
 Metaspace       used 10912K, capacity 11104K, committed 11520K, reserved 1058816K
  class space    used 1355K, capacity 1415K, committed 1536K, reserved 1048576K

Card table byte_map: [0x0000000118b5e000,0x0000000118d5f000] byte_map_base: 0x0000000114f5e000

Marking Bits: (ParMarkBitMap*) 0x00000001090c27a0
 Begin Bits: [0x0000000118eb5000, 0x0000000119eb5000)
 End Bits:   [0x0000000119eb5000, 0x000000011aeb5000)

Polling page: 0x0000000107fcc000

CodeCache: size=245760Kb used=2198Kb max_used=2198Kb free=243562Kb
 bounds [0x000000010979e000, 0x0000000109a0e000, 0x000000011879e000]
 total_blobs=1009 nmethods=519 adapters=404
 compilation: enabled

Compilation events (10 events):
Event: 16.150 Thread 0x00007fa70405b800  508       4       sun.java2d.loops.GraphicsPrimitiveMgr$1::compare (39 bytes)
Event: 16.151 Thread 0x00007fa703829000  509       1       sun.lwawt.LWComponentPeer::getStateLock (5 bytes)
Event: 16.151 Thread 0x00007fa703829000 nmethod 509 0x00000001099bf310 code [0x00000001099bf460, 0x00000001099bf570]
Event: 16.152 Thread 0x00007fa70405b800 nmethod 508 0x00000001099c22d0 code [0x00000001099c2420, 0x00000001099c2538]
Event: 16.189 Thread 0x00007fa703829000  510       3       sun.net.www.ParseUtil::encodePath (336 bytes)
Event: 16.190 Thread 0x00007fa703829000 nmethod 510 0x00000001099c0910 code [0x00000001099c0b80, 0x00000001099c1b58]
Event: 16.252 Thread 0x00007fa703829000  511       3       java.lang.ClassLoader::findLoadedClass (16 bytes)
Event: 16.253 Thread 0x00007fa703829000 nmethod 511 0x00000001099c0110 code [0x00000001099c02a0, 0x00000001099c04d8]
Event: 16.296 Thread 0x00007fa703829000  513       1       java.net.URLStreamHandler::getDefaultPort (2 bytes)
Event: 16.296 Thread 0x00007fa703829000 nmethod 513 0x00000001099bfe50 code [0x00000001099bffa0, 0x00000001099c00b0]

GC Heap History (0 events):
No events

Deoptimization events (2 events):
Event: 2.085 Thread 0x00007fa703808000 Uncommon trap: reason=unstable_if action=reinterpret pc=0x00000001098bc9ac method=java.lang.String.hashCode()I @ 14
Event: 16.094 Thread 0x00007fa703808000 Uncommon trap: reason=unstable_if action=reinterpret pc=0x00000001099b799c method=java.lang.String.replace(CC)Ljava/lang/String; @ 26

Internal exceptions (10 events):
Event: 2.333 Thread 0x00007fa703808000 Exception <a 'java/io/FileNotFoundException'> (0x00000007aacc3e18) thrown at [/Users/java_re/workspace/8-2-build-macosx-x86_64/jdk8u45/3457/hotspot/src/share/vm/prims/jni.cpp, line 709]
Event: 2.354 Thread 0x00007fa703808000 Exception <a 'java/io/FileNotFoundException'> (0x00000007aacc6398) thrown at [/Users/java_re/workspace/8-2-build-macosx-x86_64/jdk8u45/3457/hotspot/src/share/vm/prims/jni.cpp, line 709]
Event: 2.517 Thread 0x00007fa703808000 Exception <a 'java/security/PrivilegedActionException'> (0x00000007aad18790) thrown at [/Users/java_re/workspace/8-2-build-macosx-x86_64/jdk8u45/3457/hotspot/src/share/vm/prims/jvm.cpp, line 1382]
Event: 2.517 Thread 0x00007fa703808000 Exception <a 'java/security/PrivilegedActionException'> (0x00000007aad18948) thrown at [/Users/java_re/workspace/8-2-build-macosx-x86_64/jdk8u45/3457/hotspot/src/share/vm/prims/jvm.cpp, line 1382]
Event: 2.517 Thread 0x00007fa703808000 Exception <a 'java/security/PrivilegedActionException'> (0x00000007aad1bb38) thrown at [/Users/java_re/workspace/8-2-build-macosx-x86_64/jdk8u45/3457/hotspot/src/share/vm/prims/jvm.cpp, line 1382]
Event: 2.517 Thread 0x00007fa703808000 Exception <a 'java/security/PrivilegedActionException'> (0x00000007aad1bcf0) thrown at [/Users/java_re/workspace/8-2-build-macosx-x86_64/jdk8u45/3457/hotspot/src/share/vm/prims/jvm.cpp, line 1382]
Event: 6.882 Thread 0x00007fa703808000 Exception <a 'java/io/FileNotFoundException'> (0x00000007aad1fc30) thrown at [/Users/java_re/workspace/8-2-build-macosx-x86_64/jdk8u45/3457/hotspot/src/share/vm/prims/jni.cpp, line 709]
Event: 6.882 Thread 0x00007fa703808000 Exception <a 'java/io/FileNotFoundException'> (0x00000007aad20758) thrown at [/Users/java_re/workspace/8-2-build-macosx-x86_64/jdk8u45/3457/hotspot/src/share/vm/prims/jni.cpp, line 709]
Event: 7.568 Thread 0x00007fa703808000 Exception <a 'java/lang/NoSuchFieldError': method resolution failed> (0x00000007aaeaa790) thrown at [/Users/java_re/workspace/8-2-build-macosx-x86_64/jdk8u45/3457/hotspot/src/share/vm/prims/methodHandles.cpp, line 1125]
Event: 7.571 Thread 0x00007fa703808000 Exception <a 'java/lang/NoSuchFieldError': method resolution failed> (0x00000007aaeb91d0) thrown at [/Users/java_re/workspace/8-2-build-macosx-x86_64/jdk8u45/3457/hotspot/src/share/vm/prims/methodHandles.cpp, line 1125]

Events (10 events):
Event: 16.166 loading class java/awt/im/spi/InputMethod done
Event: 16.166 loading class sun/awt/im/InputMethodAdapter done
Event: 16.166 loading class sun/lwawt/macosx/CInputMethod done
Event: 16.188 loading class SonarPingView$btnListener
Event: 16.188 loading class SonarPingView$btnListener done
Event: 16.225 loading class SonarPingController
Event: 16.226 loading class SonarPingController done
Event: 16.252 loading class SonarPingController$SystemArmingListener
Event: 16.252 loading class SonarPingController$SystemArmingListener done
Event: 16.341 Thread 0x00007fa70502c800 Thread exited: 0x00007fa70502c800


Dynamic libraries:
0x0000000002bfc000 	/System/Library/Frameworks/Cocoa.framework/Versions/A/Cocoa
0x0000000002bfc000 	/System/Library/Frameworks/Security.framework/Versions/A/Security
0x0000000002bfc000 	/System/Library/Frameworks/ApplicationServices.framework/Versions/A/ApplicationServices
0x0000000002bfc000 	/usr/lib/libz.1.dylib
0x0000000002bfc000 	/usr/lib/libSystem.B.dylib
0x0000000002bfc000 	/usr/lib/libobjc.A.dylib
0x0000000002bfc000 	/System/Library/Frameworks/CoreFoundation.framework/Versions/A/CoreFoundation
0x0000000002bfc000 	/System/Library/Frameworks/Foundation.framework/Versions/C/Foundation
0x0000000002bfc000 	/System/Library/Frameworks/AppKit.framework/Versions/C/AppKit
0x0000000002bfc000 	/System/Library/Frameworks/CoreData.framework/Versions/A/CoreData
0x0000000002bfc000 	/System/Library/PrivateFrameworks/RemoteViewServices.framework/Versions/A/RemoteViewServices
0x0000000002bfc000 	/System/Library/PrivateFrameworks/UIFoundation.framework/Versions/A/UIFoundation
0x0000000002bfc000 	/usr/lib/libScreenReader.dylib
0x0000000002bfc000 	/System/Library/Frameworks/Accelerate.framework/Versions/A/Accelerate
0x0000000002bfc000 	/System/Library/Frameworks/IOSurface.framework/Versions/A/IOSurface
0x0000000002bfc000 	/System/Library/Frameworks/AudioToolbox.framework/Versions/A/AudioToolbox
0x0000000002bfc000 	/System/Library/Frameworks/AudioUnit.framework/Versions/A/AudioUnit
0x0000000002bfc000 	/System/Library/PrivateFrameworks/DataDetectorsCore.framework/Versions/A/DataDetectorsCore
0x0000000002bfc000 	/System/Library/PrivateFrameworks/DesktopServicesPriv.framework/Versions/A/DesktopServicesPriv
0x0000000002bfc000 	/System/Library/Frameworks/Carbon.framework/Versions/A/Frameworks/HIToolbox.framework/Versions/A/HIToolbox
0x0000000002bfc000 	/System/Library/Frameworks/QuartzCore.framework/Versions/A/QuartzCore
0x0000000002bfc000 	/System/Library/Frameworks/Carbon.framework/Versions/A/Frameworks/SpeechRecognition.framework/Versions/A/SpeechRecognition
0x0000000002bfc000 	/usr/lib/libauto.dylib
0x0000000002bfc000 	/usr/lib/libicucore.A.dylib
0x0000000002bfc000 	/usr/lib/libxml2.2.dylib
0x0000000002bfc000 	/System/Library/PrivateFrameworks/CoreUI.framework/Versions/A/CoreUI
0x0000000002bfc000 	/System/Library/Frameworks/CoreAudio.framework/Versions/A/CoreAudio
0x0000000002bfc000 	/System/Library/Frameworks/DiskArbitration.framework/Versions/A/DiskArbitration
0x0000000002bfc000 	/usr/lib/liblangid.dylib
0x0000000002bfc000 	/System/Library/PrivateFrameworks/MultitouchSupport.framework/Versions/A/MultitouchSupport
0x0000000002bfc000 	/System/Library/Frameworks/IOKit.framework/Versions/A/IOKit
0x0000000002bfc000 	/usr/lib/libDiagnosticMessagesClient.dylib
0x0000000002bfc000 	/System/Library/Frameworks/CoreServices.framework/Versions/A/CoreServices
0x0000000002bfc000 	/System/Library/PrivateFrameworks/PerformanceAnalysis.framework/Versions/A/PerformanceAnalysis
0x0000000002bfc000 	/System/Library/PrivateFrameworks/GenerationalStorage.framework/Versions/A/GenerationalStorage
0x0000000002bfc000 	/System/Library/Frameworks/OpenGL.framework/Versions/A/OpenGL
0x0000000002bfc000 	/System/Library/PrivateFrameworks/Sharing.framework/Versions/A/Sharing
0x0000000002bfc000 	/System/Library/Frameworks/CoreGraphics.framework/Versions/A/CoreGraphics
0x0000000002bfc000 	/System/Library/Frameworks/CoreImage.framework/Versions/A/CoreImage
0x0000000002bfc000 	/System/Library/Frameworks/CoreText.framework/Versions/A/CoreText
0x0000000002bfc000 	/System/Library/Frameworks/ImageIO.framework/Versions/A/ImageIO
0x0000000002bfc000 	/System/Library/PrivateFrameworks/Backup.framework/Versions/A/Backup
0x0000000002bfc000 	/usr/lib/libextension.dylib
0x0000000002bfc000 	/usr/lib/libarchive.2.dylib
0x0000000002bfc000 	/System/Library/Frameworks/CFNetwork.framework/Versions/A/CFNetwork
0x0000000002bfc000 	/System/Library/Frameworks/SystemConfiguration.framework/Versions/A/SystemConfiguration
0x0000000002bfc000 	/usr/lib/libCRFSuite.dylib
0x0000000002bfc000 	/usr/lib/libc++.1.dylib
0x0000000002bfc000 	/usr/lib/libc++abi.dylib
0x0000000002bfc000 	/usr/lib/system/libcache.dylib
0x0000000002bfc000 	/usr/lib/system/libcommonCrypto.dylib
0x0000000002bfc000 	/usr/lib/system/libcompiler_rt.dylib
0x0000000002bfc000 	/usr/lib/system/libcopyfile.dylib
0x0000000002bfc000 	/usr/lib/system/libcorecrypto.dylib
0x0000000002bfc000 	/usr/lib/system/libdispatch.dylib
0x0000000002bfc000 	/usr/lib/system/libdyld.dylib
0x0000000002bfc000 	/usr/lib/system/libkeymgr.dylib
0x0000000002bfc000 	/usr/lib/system/liblaunch.dylib
0x0000000002bfc000 	/usr/lib/system/libmacho.dylib
0x0000000002bfc000 	/usr/lib/system/libquarantine.dylib
0x0000000002bfc000 	/usr/lib/system/libremovefile.dylib
0x0000000002bfc000 	/usr/lib/system/libsystem_asl.dylib
0x0000000002bfc000 	/usr/lib/system/libsystem_blocks.dylib
0x0000000002bfc000 	/usr/lib/system/libsystem_c.dylib
0x0000000002bfc000 	/usr/lib/system/libsystem_configuration.dylib
0x0000000002bfc000 	/usr/lib/system/libsystem_coreservices.dylib
0x0000000002bfc000 	/usr/lib/system/libsystem_coretls.dylib
0x0000000002bfc000 	/usr/lib/system/libsystem_dnssd.dylib
0x0000000002bfc000 	/usr/lib/system/libsystem_info.dylib
0x0000000002bfc000 	/usr/lib/system/libsystem_kernel.dylib
0x0000000002bfc000 	/usr/lib/system/libsystem_m.dylib
0x0000000002bfc000 	/usr/lib/system/libsystem_malloc.dylib
0x0000000002bfc000 	/usr/lib/system/libsystem_network.dylib
0x0000000002bfc000 	/usr/lib/system/libsystem_networkextension.dylib
0x0000000002bfc000 	/usr/lib/system/libsystem_notify.dylib
0x0000000002bfc000 	/usr/lib/system/libsystem_platform.dylib
0x0000000002bfc000 	/usr/lib/system/libsystem_pthread.dylib
0x0000000002bfc000 	/usr/lib/system/libsystem_sandbox.dylib
0x0000000002bfc000 	/usr/lib/system/libsystem_secinit.dylib
0x0000000002bfc000 	/usr/lib/system/libsystem_trace.dylib
0x0000000002bfc000 	/usr/lib/system/libunc.dylib
0x0000000002bfc000 	/usr/lib/system/libunwind.dylib
0x0000000002bfc000 	/usr/lib/system/libxpc.dylib
0x0000000002bfc000 	/usr/lib/libenergytrace.dylib
0x0000000002bfc000 	/usr/lib/libbsm.0.dylib
0x0000000002bfc000 	/usr/lib/system/libkxld.dylib
0x0000000002bfc000 	/usr/lib/libxar.1.dylib
0x0000000002bfc000 	/usr/lib/libsqlite3.dylib
0x0000000002bfc000 	/usr/lib/libpam.2.dylib
0x0000000002bfc000 	/usr/lib/libOpenScriptingUtil.dylib
0x0000000002bfc000 	/usr/lib/libbz2.1.0.dylib
0x0000000002bfc000 	/usr/lib/liblzma.5.dylib
0x0000000002bfc000 	/System/Library/Frameworks/CoreServices.framework/Versions/A/Frameworks/FSEvents.framework/Versions/A/FSEvents
0x0000000002bfc000 	/System/Library/Frameworks/CoreServices.framework/Versions/A/Frameworks/CarbonCore.framework/Versions/A/CarbonCore
0x0000000002bfc000 	/System/Library/Frameworks/CoreServices.framework/Versions/A/Frameworks/Metadata.framework/Versions/A/Metadata
0x0000000002bfc000 	/System/Library/Frameworks/CoreServices.framework/Versions/A/Frameworks/OSServices.framework/Versions/A/OSServices
0x0000000002bfc000 	/System/Library/Frameworks/CoreServices.framework/Versions/A/Frameworks/SearchKit.framework/Versions/A/SearchKit
0x0000000002bfc000 	/System/Library/Frameworks/CoreServices.framework/Versions/A/Frameworks/AE.framework/Versions/A/AE
0x0000000002bfc000 	/System/Library/Frameworks/CoreServices.framework/Versions/A/Frameworks/LaunchServices.framework/Versions/A/LaunchServices
0x0000000002bfc000 	/System/Library/Frameworks/CoreServices.framework/Versions/A/Frameworks/DictionaryServices.framework/Versions/A/DictionaryServices
0x0000000002bfc000 	/System/Library/Frameworks/CoreServices.framework/Versions/A/Frameworks/SharedFileList.framework/Versions/A/SharedFileList
0x0000000002bfc000 	/System/Library/Frameworks/NetFS.framework/Versions/A/NetFS
0x0000000002bfc000 	/System/Library/PrivateFrameworks/NetAuth.framework/Versions/A/NetAuth
0x0000000002bfc000 	/System/Library/PrivateFrameworks/login.framework/Versions/A/Frameworks/loginsupport.framework/Versions/A/loginsupport
0x0000000002bfc000 	/System/Library/PrivateFrameworks/TCC.framework/Versions/A/TCC
0x0000000002bfc000 	/usr/lib/libmecabra.dylib
0x0000000002bfc000 	/System/Library/Frameworks/ApplicationServices.framework/Versions/A/Frameworks/ATS.framework/Versions/A/ATS
0x0000000002bfc000 	/System/Library/Frameworks/ApplicationServices.framework/Versions/A/Frameworks/ColorSync.framework/Versions/A/ColorSync
0x0000000002bfc000 	/System/Library/Frameworks/ApplicationServices.framework/Versions/A/Frameworks/HIServices.framework/Versions/A/HIServices
0x0000000002bfc000 	/System/Library/Frameworks/ApplicationServices.framework/Versions/A/Frameworks/LangAnalysis.framework/Versions/A/LangAnalysis
0x0000000002bfc000 	/System/Library/Frameworks/ApplicationServices.framework/Versions/A/Frameworks/PrintCore.framework/Versions/A/PrintCore
0x0000000002bfc000 	/System/Library/Frameworks/ApplicationServices.framework/Versions/A/Frameworks/QD.framework/Versions/A/QD
0x0000000002bfc000 	/System/Library/Frameworks/ApplicationServices.framework/Versions/A/Frameworks/SpeechSynthesis.framework/Versions/A/SpeechSynthesis
0x0000000002bfc000 	/System/Library/Frameworks/Metal.framework/Versions/A/Metal
0x0000000002bfc000 	/System/Library/Frameworks/Accelerate.framework/Versions/A/Frameworks/vImage.framework/Versions/A/vImage
0x0000000002bfc000 	/System/Library/Frameworks/Accelerate.framework/Versions/A/Frameworks/vecLib.framework/Versions/A/vecLib
0x0000000002bfc000 	/System/Library/Frameworks/Accelerate.framework/Versions/A/Frameworks/vecLib.framework/Versions/A/libvDSP.dylib
0x0000000002bfc000 	/System/Library/Frameworks/Accelerate.framework/Versions/A/Frameworks/vecLib.framework/Versions/A/libvMisc.dylib
0x0000000002bfc000 	/System/Library/Frameworks/Accelerate.framework/Versions/A/Frameworks/vecLib.framework/Versions/A/libLAPACK.dylib
0x0000000002bfc000 	/System/Library/Frameworks/Accelerate.framework/Versions/A/Frameworks/vecLib.framework/Versions/A/libBLAS.dylib
0x0000000002bfc000 	/System/Library/Frameworks/Accelerate.framework/Versions/A/Frameworks/vecLib.framework/Versions/A/libLinearAlgebra.dylib
0x0000000002bfc000 	/System/Library/Frameworks/Accelerate.framework/Versions/A/Frameworks/vecLib.framework/Versions/A/libSparseBLAS.dylib
0x0000000002bfc000 	/System/Library/PrivateFrameworks/GPUCompiler.framework/libmetal_timestamp.dylib
0x0000000002bfc000 	/System/Library/Frameworks/OpenGL.framework/Versions/A/Libraries/libCoreFSCache.dylib
0x0000000002bfc000 	/System/Library/PrivateFrameworks/IOAccelerator.framework/Versions/A/IOAccelerator
0x0000000002bfc000 	/System/Library/Frameworks/ApplicationServices.framework/Versions/A/Frameworks/ATS.framework/Versions/A/Resources/libFontParser.dylib
0x0000000002bfc000 	/System/Library/Frameworks/ApplicationServices.framework/Versions/A/Frameworks/ATS.framework/Versions/A/Resources/libFontRegistry.dylib
0x0000000002bfc000 	/System/Library/PrivateFrameworks/AppleVPA.framework/Versions/A/AppleVPA
0x0000000002bfc000 	/System/Library/PrivateFrameworks/AppleJPEG.framework/Versions/A/AppleJPEG
0x0000000002bfc000 	/System/Library/Frameworks/ImageIO.framework/Versions/A/Resources/libJPEG.dylib
0x0000000002bfc000 	/System/Library/Frameworks/ImageIO.framework/Versions/A/Resources/libTIFF.dylib
0x0000000002bfc000 	/System/Library/Frameworks/ImageIO.framework/Versions/A/Resources/libPng.dylib
0x0000000002bfc000 	/System/Library/Frameworks/ImageIO.framework/Versions/A/Resources/libGIF.dylib
0x0000000002bfc000 	/System/Library/Frameworks/ImageIO.framework/Versions/A/Resources/libJP2.dylib
0x0000000002bfc000 	/System/Library/Frameworks/ImageIO.framework/Versions/A/Resources/libRadiance.dylib
0x0000000002bfc000 	/System/Library/Frameworks/CoreVideo.framework/Versions/A/CoreVideo
0x0000000002bfc000 	/System/Library/Frameworks/OpenGL.framework/Versions/A/Libraries/libGLU.dylib
0x0000000002bfc000 	/System/Library/Frameworks/OpenGL.framework/Versions/A/Libraries/libGFXShared.dylib
0x0000000002bfc000 	/System/Library/Frameworks/OpenGL.framework/Versions/A/Libraries/libGL.dylib
0x0000000002bfc000 	/System/Library/Frameworks/OpenGL.framework/Versions/A/Libraries/libGLImage.dylib
0x0000000002bfc000 	/System/Library/Frameworks/OpenGL.framework/Versions/A/Libraries/libCVMSPluginSupport.dylib
0x0000000002bfc000 	/System/Library/Frameworks/OpenGL.framework/Versions/A/Libraries/libCoreVMClient.dylib
0x0000000002bfc000 	/usr/lib/libcompression.dylib
0x0000000002bfc000 	/usr/lib/libcups.2.dylib
0x0000000002bfc000 	/System/Library/Frameworks/Kerberos.framework/Versions/A/Kerberos
0x0000000002bfc000 	/System/Library/Frameworks/GSS.framework/Versions/A/GSS
0x0000000002bfc000 	/usr/lib/libresolv.9.dylib
0x0000000002bfc000 	/usr/lib/libiconv.2.dylib
0x0000000002bfc000 	/System/Library/PrivateFrameworks/Heimdal.framework/Versions/A/Heimdal
0x0000000002bfc000 	/usr/lib/libheimdal-asn1.dylib
0x0000000002bfc000 	/System/Library/Frameworks/OpenDirectory.framework/Versions/A/OpenDirectory
0x0000000002bfc000 	/System/Library/PrivateFrameworks/CommonAuth.framework/Versions/A/CommonAuth
0x0000000002bfc000 	/System/Library/Frameworks/OpenDirectory.framework/Versions/A/Frameworks/CFOpenDirectory.framework/Versions/A/CFOpenDirectory
0x0000000002bfc000 	/System/Library/Frameworks/SecurityFoundation.framework/Versions/A/SecurityFoundation
0x0000000002bfc000 	/System/Library/PrivateFrameworks/LanguageModeling.framework/Versions/A/LanguageModeling
0x0000000002bfc000 	/usr/lib/libmarisa.dylib
0x0000000002bfc000 	/usr/lib/libChineseTokenizer.dylib
0x0000000002bfc000 	/usr/lib/libcmph.dylib
0x0000000002bfc000 	/System/Library/Frameworks/ServiceManagement.framework/Versions/A/ServiceManagement
0x0000000002bfc000 	/usr/lib/libxslt.1.dylib
0x0000000002bfc000 	/System/Library/Frameworks/Carbon.framework/Versions/A/Frameworks/Ink.framework/Versions/A/Ink
0x0000000002bfc000 	/usr/lib/libFosl_dynamic.dylib
0x0000000002bfc000 	/System/Library/PrivateFrameworks/FaceCore.framework/Versions/A/FaceCore
0x0000000002bfc000 	/System/Library/Frameworks/OpenCL.framework/Versions/A/OpenCL
0x0000000002bfc000 	/System/Library/PrivateFrameworks/CrashReporterSupport.framework/Versions/A/CrashReporterSupport
0x0000000002bfc000 	/System/Library/PrivateFrameworks/IconServices.framework/Versions/A/IconServices
0x0000000002bfc000 	/System/Library/PrivateFrameworks/Apple80211.framework/Versions/A/Apple80211
0x0000000002bfc000 	/System/Library/Frameworks/CoreWLAN.framework/Versions/A/CoreWLAN
0x0000000002bfc000 	/System/Library/Frameworks/IOBluetooth.framework/Versions/A/IOBluetooth
0x0000000002bfc000 	/System/Library/PrivateFrameworks/CoreWiFi.framework/Versions/A/CoreWiFi
0x0000000002bfc000 	/System/Library/Frameworks/CoreBluetooth.framework/Versions/A/CoreBluetooth
0x0000000002bfc000 	/System/Library/PrivateFrameworks/ChunkingLibrary.framework/Versions/A/ChunkingLibrary
0x0000000002bfc000 	/System/Library/PrivateFrameworks/DebugSymbols.framework/Versions/A/DebugSymbols
0x0000000002bfc000 	/System/Library/PrivateFrameworks/CoreSymbolication.framework/Versions/A/CoreSymbolication
0x0000000002bfc000 	/System/Library/PrivateFrameworks/Symbolication.framework/Versions/A/Symbolication
0x0000000002bfc000 	/System/Library/PrivateFrameworks/SpeechRecognitionCore.framework/Versions/A/SpeechRecognitionCore
0x0000000108800000 	/Library/Java/JavaVirtualMachines/jdk1.8.0_45.jdk/Contents/Home/jre/lib/server/libjvm.dylib
0x0000000002bfc000 	/usr/lib/libstdc++.6.dylib
0x0000000107fbe000 	/Library/Java/JavaVirtualMachines/jdk1.8.0_45.jdk/Contents/Home/jre/lib/libverify.dylib
0x0000000109769000 	/Library/Java/JavaVirtualMachines/jdk1.8.0_45.jdk/Contents/Home/jre/lib/libjava.dylib
0x0000000107fd6000 	/Library/Java/JavaVirtualMachines/jdk1.8.0_45.jdk/Contents/Home/jre/lib/libzip.dylib
0x000000011cb83000 	/System/Library/Frameworks/JavaVM.framework/Frameworks/JavaRuntimeSupport.framework/JavaRuntimeSupport
0x000000011cb9e000 	/System/Library/Frameworks/JavaVM.framework/Versions/A/Frameworks/JavaNativeFoundation.framework/Versions/A/JavaNativeFoundation
0x000000011cbb3000 	/System/Library/Frameworks/JavaVM.framework/Versions/A/JavaVM
0x0000000002bfc000 	/System/Library/Frameworks/Carbon.framework/Versions/A/Carbon
0x0000000107ff4000 	/System/Library/PrivateFrameworks/JavaLaunching.framework/Versions/A/JavaLaunching
0x0000000002bfc000 	/System/Library/Frameworks/Carbon.framework/Versions/A/Frameworks/CommonPanels.framework/Versions/A/CommonPanels
0x0000000002bfc000 	/System/Library/Frameworks/Carbon.framework/Versions/A/Frameworks/Help.framework/Versions/A/Help
0x0000000002bfc000 	/System/Library/Frameworks/Carbon.framework/Versions/A/Frameworks/ImageCapture.framework/Versions/A/ImageCapture
0x0000000002bfc000 	/System/Library/Frameworks/Carbon.framework/Versions/A/Frameworks/OpenScripting.framework/Versions/A/OpenScripting
0x0000000002bfc000 	/System/Library/Frameworks/Carbon.framework/Versions/A/Frameworks/Print.framework/Versions/A/Print
0x0000000002bfc000 	/System/Library/Frameworks/Carbon.framework/Versions/A/Frameworks/SecurityHI.framework/Versions/A/SecurityHI
0x000000011e4e3000 	/Users/kevincornejoandrade/Documents/workspace/sonarPing/librxtxSerial.jnilib
0x000000011e4f1000 	/Library/Java/JavaVirtualMachines/jdk1.8.0_45.jdk/Contents/Home/jre/lib/libawt.dylib
0x000000011e599000 	/Library/Java/JavaVirtualMachines/jdk1.8.0_45.jdk/Contents/Home/jre/lib/./libmlib_image.dylib
0x000000011e665000 	/Library/Java/JavaVirtualMachines/jdk1.8.0_45.jdk/Contents/Home/jre/lib/libawt_lwawt.dylib
0x000000011e719000 	/Library/Java/JavaVirtualMachines/jdk1.8.0_45.jdk/Contents/Home/jre/lib/./libosxapp.dylib
0x0000000002bfc000 	/System/Library/Frameworks/ExceptionHandling.framework/Versions/A/ExceptionHandling
0x0000000002bfc000 	/System/Library/PrivateFrameworks/CoreServicesInternal.framework/Versions/A/CoreServicesInternal
0x0000000002bfc000 	/System/Library/Frameworks/CoreGraphics.framework/Versions/A/Resources/libRIP.A.dylib
0x0000000002bfc000 	/System/Library/Frameworks/Accelerate.framework/Versions/A/Frameworks/vImage.framework/Versions/A/Libraries/libCGInterfaces.dylib
0x0000000002bfc000 	/System/Library/Frameworks/CoreGraphics.framework/Versions/A/Resources/libCGXType.A.dylib
0x0000000002bfc000 	/System/Library/Frameworks/OpenCL.framework/Versions/A/Libraries/libcldcpuengine.dylib
0x0000000002bfc000 	/System/Library/PrivateFrameworks/DiskImages.framework/Versions/A/DiskImages
0x0000000002bfc000 	/System/Library/Frameworks/DiscRecording.framework/Versions/A/DiscRecording
0x0000000002bfc000 	/usr/lib/libcsfde.dylib
0x0000000002bfc000 	/usr/lib/libcurl.4.dylib
0x0000000002bfc000 	/System/Library/PrivateFrameworks/MediaKit.framework/Versions/A/MediaKit
0x0000000002bfc000 	/System/Library/PrivateFrameworks/ProtectedCloudStorage.framework/Versions/A/ProtectedCloudStorage
0x0000000002bfc000 	/usr/lib/libCoreStorage.dylib
0x0000000002bfc000 	/System/Library/PrivateFrameworks/EFILogin.framework/Versions/A/EFILogin
0x0000000002bfc000 	/usr/lib/libutil.dylib
0x0000000002bfc000 	/System/Library/PrivateFrameworks/FindMyDevice.framework/Versions/A/FindMyDevice
0x0000000002bfc000 	/System/Library/Frameworks/LDAP.framework/Versions/A/LDAP
0x0000000002bfc000 	/usr/lib/libsasl2.2.dylib
0x0000000002bfc000 	/System/Library/PrivateFrameworks/CoreDaemon.framework/Versions/B/CoreDaemon
0x0000000002bfc000 	/usr/lib/libcrypto.0.9.8.dylib
0x0000000002bfc000 	/System/Library/PrivateFrameworks/AppleSRP.framework/Versions/A/AppleSRP
0x0000000002bfc000 	/System/Library/PrivateFrameworks/TrustEvaluationAgent.framework/Versions/A/TrustEvaluationAgent
0x000000011fe0b000 	cl_kernels
0x0000000002bfc000 	/System/Library/Frameworks/OpenCL.framework/Versions/A/Libraries/ImageFormats/unorm8_bgra.dylib
0x0000000002bfc000 	/System/Library/Frameworks/OpenCL.framework/Versions/A/Libraries/ImageFormats/unorm8_rgba.dylib
0x0000000002bfc000 	/System/Library/PrivateFrameworks/FamilyControls.framework/Versions/A/FamilyControls
0x0000000002bfc000 	/System/Library/PrivateFrameworks/CommerceKit.framework/Versions/A/Frameworks/CommerceCore.framework/Versions/A/CommerceCore
0x0000000002bfc000 	/System/Library/PrivateFrameworks/SystemAdministration.framework/Versions/A/SystemAdministration
0x0000000002bfc000 	/System/Library/PrivateFrameworks/AppContainer.framework/Versions/A/AppContainer
0x0000000002bfc000 	/System/Library/PrivateFrameworks/SecCodeWrapper.framework/Versions/A/SecCodeWrapper
0x0000000002bfc000 	/System/Library/Frameworks/DirectoryService.framework/Versions/A/DirectoryService
0x0000000002bfc000 	/System/Library/PrivateFrameworks/LoginUIKit.framework/Versions/A/Frameworks/LoginUICore.framework/Versions/A/LoginUICore
0x0000000002bfc000 	/usr/lib/libodfde.dylib
0x0000000002bfc000 	/System/Library/Frameworks/OpenGL.framework/Versions/A/Resources/GLEngine.bundle/GLEngine
0x0000000002bfc000 	/System/Library/Frameworks/OpenGL.framework/Versions/A/Libraries/libGLProgrammability.dylib
0x0000000120e25000 	/System/Library/Extensions/AppleIntelHD3000GraphicsGLDriver.bundle/Contents/MacOS/AppleIntelHD3000GraphicsGLDriver
0x0000000002bfc000 	/System/Library/PrivateFrameworks/GPUSupport.framework/Versions/A/Libraries/libGPUSupport.dylib
0x0000000002bfc000 	/System/Library/Frameworks/OpenGL.framework/Versions/A/Resources/GLRendererFloat.bundle/GLRendererFloat
0x000000012166d000 	/Library/Java/JavaVirtualMachines/jdk1.8.0_45.jdk/Contents/Home/jre/lib/libfontmanager.dylib
0x00000001216d4000 	/Library/Java/JavaVirtualMachines/jdk1.8.0_45.jdk/Contents/Home/jre/lib/libosxui.dylib
0x00000001226ea000 	/Library/Java/JavaVirtualMachines/jdk1.8.0_45.jdk/Contents/Home/jre/lib/libnet.dylib
0x0000000122330000 	/Library/Java/JavaVirtualMachines/jdk1.8.0_45.jdk/Contents/Home/jre/lib/libnio.dylib

VM Arguments:
jvm_args: -Dfile.encoding=UTF-8 
java_command: EntryPointFile
java_class_path (initial): /Users/kevincornejoandrade/Documents/workspace/sonarPing/target/classes:/Users/kevincornejoandrade/Desktop/sonarPing-master/javaJars/javax.mail-1.5.0.jar:/Users/kevincornejoandrade/Desktop/sonarPing-master/javaJars/RXTXcomm.jar:/Users/kevincornejoandrade/Desktop/sonarPing-master/javaJars/mongo-java-driver-2.12.3.jar:/Users/kevincornejoandrade/Desktop/google-api-java-client/libs/commons-logging-1.1.1.jar:/Users/kevincornejoandrade/Desktop/google-api-java-client/libs/google-api-client-1.22.0.jar:/Users/kevincornejoandrade/Desktop/google-api-java-client/libs/google-api-client-android-1.22.0.jar:/Users/kevincornejoandrade/Desktop/google-api-java-client/libs/google-api-client-appengine-1.22.0.jar:/Users/kevincornejoandrade/Desktop/google-api-java-client/libs/google-api-client-gson-1.22.0.jar:/Users/kevincornejoandrade/Desktop/google-api-java-client/libs/google-api-client-jackson2-1.22.0.jar:/Users/kevincornejoandrade/Desktop/google-api-java-client/libs/google-api-client-java6-1.22.0.jar:/Users/kevincornejoandrade/Desktop/google-api-java-client/libs/google-api-client-protobuf-1.22.0.jar:/Users/kevincornejoandrade/Desktop/google-api-java-client/libs/google-api-client-servlet-1.22.0.jar:/Users/kevincornejoandrade/Desktop/google-api-java-client/libs/google-api-client-xml-1.22.0.jar:/Users/kevincornejoandrade/Desktop/google-api-java-client/libs/google-http-client-1.22.0.jar:/Users/kevincornejoandrade/Desktop/google-api-java-client/libs/google-http-client-android-1.22.0.jar:/Users/kevincornejoandrade/Desktop/google-api-java-client/libs/google-http-client-appengine-1.22.0.jar:/Users/kevincornejoandrade/Desktop/google-api-java-client/libs/google-http-client-gson-1.22.0.jar:/Users/kevincornejoandrade/Desktop/google-api-java-client/libs/google-http-client-jackson-1.22.0.jar:/Users/kevincornejoandrade/Desktop/google-api-java-client/libs/google-http-client-jackson2-1.22.0.jar:/Users/kevincornejoandrade/Desktop/google-api-java-client/libs/google-http-clie
Launcher Type: SUN_STANDARD

Environment Variables:
PATH=/usr/bin:/bin:/usr/sbin:/sbin
SHELL=/bin/bash

Signal Handlers:
SIGSEGV: [libjvm.dylib+0x58ef95], sa_mask[0]=11111111011111110111111111111111, sa_flags=SA_ONSTACK|SA_RESTART|SA_SIGINFO
SIGBUS: [libjvm.dylib+0x58ef95], sa_mask[0]=11111111011111110111111111111111, sa_flags=SA_RESTART|SA_SIGINFO
SIGFPE: [libjvm.dylib+0x46c108], sa_mask[0]=11111111011111110111111111111111, sa_flags=SA_RESTART|SA_SIGINFO
SIGPIPE: [libjvm.dylib+0x46c108], sa_mask[0]=11111111011111110111111111111111, sa_flags=SA_RESTART|SA_SIGINFO
SIGXFSZ: [libjvm.dylib+0x46c108], sa_mask[0]=11111111011111110111111111111111, sa_flags=SA_RESTART|SA_SIGINFO
SIGILL: [libjvm.dylib+0x46c108], sa_mask[0]=11111111011111110111111111111111, sa_flags=SA_RESTART|SA_SIGINFO
SIGUSR1: SIG_DFL, sa_mask[0]=00000000000000000000000000000000, sa_flags=none
SIGUSR2: [libjvm.dylib+0x46bc26], sa_mask[0]=00100000000000000000000000000000, sa_flags=SA_RESTART|SA_SIGINFO
SIGHUP: [libjvm.dylib+0x46a1f9], sa_mask[0]=11111111011111110111111111111111, sa_flags=SA_RESTART|SA_SIGINFO
SIGINT: [libjvm.dylib+0x46a1f9], sa_mask[0]=11111111011111110111111111111111, sa_flags=SA_RESTART|SA_SIGINFO
SIGTERM: [libjvm.dylib+0x46a1f9], sa_mask[0]=11111111011111110111111111111111, sa_flags=SA_RESTART|SA_SIGINFO
SIGQUIT: [libjvm.dylib+0x46a1f9], sa_mask[0]=11111111011111110111111111111111, sa_flags=SA_RESTART|SA_SIGINFO


---------------  S Y S T E M  ---------------

OS:Bsduname:Darwin 15.6.0 Darwin Kernel Version 15.6.0: Thu Sep  1 15:01:16 PDT 2016; root:xnu-3248.60.11~2/RELEASE_X86_64 x86_64
rlimit: STACK 8192k, CORE 0k, NPROC 709, NOFILE 10240, AS infinity
load average:6.71 5.96 5.47

CPU:total 4 (2 cores per cpu, 2 threads per core) family 6 model 42 stepping 7, cmov, cx8, fxsr, mmx, sse, sse2, sse3, ssse3, sse4.1, sse4.2, popcnt, avx, aes, clmul, ht, tsc, tscinvbit

Memory: 4k page, physical 4194304k(21072k free)

/proc/meminfo:


vm_info: Java HotSpot(TM) 64-Bit Server VM (25.45-b02) for bsd-amd64 JRE (1.8.0_45-b14), built on Apr 10 2015 10:46:38 by "java_re" with gcc 4.2.1 (Based on Apple Inc. build 5658) (LLVM build 2336.11.00)

time: Wed Mar  1 20:06:08 2017
elapsed time: 16 seconds (0d 0h 0m 16s)

